GROUP,PACKAGE,CLASS,INSTRUCTION_MISSED,INSTRUCTION_COVERED,BRANCH_MISSED,BRANCH_COVERED,LINE_MISSED,LINE_COVERED,COMPLEXITY_MISSED,COMPLEXITY_COVERED,METHOD_MISSED,METHOD_COVERED
AccountSystemTranslator,za.ac.nwu.as.translator.config,TranslatorConfig,3,0,0,0,1,0,1,0,1,0
AccountSystemTranslator,za.ac.nwu.as.translator.impl,AccountTransactionTranslatorImpl,14,80,0,2,4,20,0,6,0,5
AccountSystemTranslator,za.ac.nwu.as.translator.impl,AccountTypeTranslatorImpl,21,95,0,2,6,23,0,7,0,6
AccountSystemTranslator,za.ac.nwu.as.translator.impl,AccountMemberTranslatorImpl,14,64,0,2,4,16,0,5,0,4
