GROUP,PACKAGE,CLASS,INSTRUCTION_MISSED,INSTRUCTION_COVERED,BRANCH_MISSED,BRANCH_COVERED,LINE_MISSED,LINE_COVERED,COMPLEXITY_MISSED,COMPLEXITY_COVERED,METHOD_MISSED,METHOD_COVERED
AccountSystemTranslator,za.ac.nwu.as.translator.config,TranslatorConfig,3,0,0,0,1,0,1,0,1,0
AccountSystemTranslator,za.ac.nwu.as.translator.impl,AccountTransactionTranslatorImpl,14,61,0,2,4,15,0,5,0,4
AccountSystemTranslator,za.ac.nwu.as.translator.impl,AccountTypeTranslatorImpl,28,113,0,2,8,28,0,8,0,7
AccountSystemTranslator,za.ac.nwu.as.translator.impl,AccountMemberTranslatorImpl,14,114,0,2,4,25,0,7,0,6
